<?xml version="1.0" encoding="UTF-8"?>
<testng-results skipped="0" failed="0" ignored="0" total="1" passed="1">
  <reporter-output>
  </reporter-output>
  <suite name="Surefire suite" duration-ms="162" started-at="2021-08-23T11:26:10 MSK" finished-at="2021-08-23T11:26:10 MSK">
    <groups>
    </groups>
    <test name="Surefire test" duration-ms="162" started-at="2021-08-23T11:26:10 MSK" finished-at="2021-08-23T11:26:10 MSK">
      <class name="TestCarInsurance">
        <test-method status="PASS" signature="InsurancePositive()[pri:0, instance:TestCarInsurance@275fe372]" name="InsurancePositive" duration-ms="40" started-at="2021-08-23T11:26:10 MSK" finished-at="2021-08-23T11:26:10 MSK">
          <reporter-output>
          </reporter-output>
        </test-method> <!-- InsurancePositive -->
      </class> <!-- TestCarInsurance -->
    </test> <!-- Surefire test -->
  </suite> <!-- Surefire suite -->
</testng-results>
