<?xml version="1.0" encoding="UTF-8"?>
<testng-results skipped="0" failed="0" ignored="0" total="1" passed="1">
  <reporter-output>
  </reporter-output>
  <suite name="Surefire suite" duration-ms="190" started-at="2021-08-29T16:45:53 MSK" finished-at="2021-08-29T16:45:53 MSK">
    <groups>
    </groups>
    <test name="Surefire test" duration-ms="190" started-at="2021-08-29T16:45:53 MSK" finished-at="2021-08-29T16:45:53 MSK">
      <class name="TestCarInsurance">
        <test-method status="PASS" signature="InsurancePositive()[pri:0, instance:TestCarInsurance@5ed731d0]" name="InsurancePositive" duration-ms="44" started-at="2021-08-29T16:45:53 MSK" finished-at="2021-08-29T16:45:53 MSK">
          <reporter-output>
          </reporter-output>
        </test-method> <!-- InsurancePositive -->
      </class> <!-- TestCarInsurance -->
    </test> <!-- Surefire test -->
  </suite> <!-- Surefire suite -->
</testng-results>
