<?xml version="1.0" encoding="UTF-8"?>
<testsuite xmlns:xsi="http://www.w3.org/2001/XMLSchema-instance" xsi:noNamespaceSchemaLocation="https://maven.apache.org/surefire/maven-surefire-plugin/xsd/surefire-test-report-3.0.xsd" version="3.0" name="TestCarInsurance" time="0.056" tests="1" errors="0" skipped="0" failures="0">
  <properties>
[...]
</properties>
  <testcase name="InsurancePositive" classname="TestCarInsurance" time="0.04">
    <system-out><![CDATA[Your Insurance = 210
Your Insurance = 210
Your Insurance = 210
Your Insurance = 210
Your Insurance = 210
Your Insurance = 210
Your Insurance = 210
Your Insurance = 1200
Your Insurance = 1200
Your Insurance = 1200
Your Insurance = 1050
Your Insurance = 1680
Your Insurance = 251
Your Insurance = 1280
]]></system-out>
  </testcase>
</testsuite>